<?xml version="1.0" encoding="UTF-8"?>
<!-- Generated by org.testng.reporters.JUnitReportReporter -->
<testsuite hostname="LE15-ABA2-IND" failures="0" tests="4" name="testrunnerswiggy.TestRunnerProject" time="9.775" errors="4" timestamp="2023-05-23T02:41:35 IST" skipped="0">
  <testcase classname="testrunnerswiggy.TestRunnerProject" name="runScenario" time="2.043">
    <error type="java.lang.NullPointerException">
      <![CDATA[java.lang.NullPointerException
at com.Swiggy.SwiggyPageObjects.<init>(SwiggyPageObjects.java:25)
at swiggyStepDefinitions.SwiggySteps.BeforeAll(SwiggySteps.java:28)
]]>
    </error>
  </testcase> <!-- runScenario -->
  <system-out/>
  <testcase classname="testrunnerswiggy.TestRunnerProject" name="runScenario" time="3.913">
    <error type="java.lang.NullPointerException">
      <![CDATA[java.lang.NullPointerException
at com.Swiggy.SwiggyPageObjects.<init>(SwiggyPageObjects.java:25)
at swiggyStepDefinitions.SwiggySteps.BeforeAll(SwiggySteps.java:28)
]]>
    </error>
  </testcase> <!-- runScenario -->
  <system-out/>
  <testcase classname="testrunnerswiggy.TestRunnerProject" name="runScenario" time="1.998">
    <error type="java.lang.NullPointerException">
      <![CDATA[java.lang.NullPointerException
at com.Swiggy.SwiggyPageObjects.<init>(SwiggyPageObjects.java:25)
at swiggyStepDefinitions.SwiggySteps.BeforeAll(SwiggySteps.java:28)
]]>
    </error>
  </testcase> <!-- runScenario -->
  <system-out/>
  <testcase classname="testrunnerswiggy.TestRunnerProject" name="runScenario" time="1.821">
    <error type="java.lang.NullPointerException">
      <![CDATA[java.lang.NullPointerException
at com.Swiggy.SwiggyPageObjects.<init>(SwiggyPageObjects.java:25)
at swiggyStepDefinitions.SwiggySteps.BeforeAll(SwiggySteps.java:28)
]]>
    </error>
  </testcase> <!-- runScenario -->
  <system-out/>
</testsuite> <!-- testrunnerswiggy.TestRunnerProject -->
