<?xml version="1.0" encoding="UTF-8"?>
<!-- Generated by org.testng.reporters.JUnitReportReporter -->
<testsuite hostname="LE15-ABA2-IND" failures="0" tests="1" name="com.Swiggy.AppTest" time="0.011" errors="0" timestamp="2023-05-23T02:41:35 IST" skipped="0">
  <testcase classname="com.Swiggy.AppTest" name="shouldAnswerWithTrue" time="0.011"/>
  <system-out/>
</testsuite> <!-- com.Swiggy.AppTest -->
