<?xml version="1.0" encoding="UTF-8"?>
<!-- Generated by org.testng.reporters.JUnitReportReporter -->
<testsuite hostname="LE15-ABA2-IND" failures="0" tests="3" name="testrunnerswiggy.TestRunnerProject" time="84.974" errors="0" timestamp="2023-05-24T02:25:27 IST" skipped="0">
  <testcase classname="testrunnerswiggy.TestRunnerProject" name="runScenario" time="29.005"/>
  <system-out/>
  <testcase classname="testrunnerswiggy.TestRunnerProject" name="runScenario" time="26.787"/>
  <system-out/>
  <testcase classname="testrunnerswiggy.TestRunnerProject" name="runScenario" time="29.182"/>
  <system-out/>
</testsuite> <!-- testrunnerswiggy.TestRunnerProject -->
